<?xml version="1.0" encoding="UTF-8"?>
<testsuite xmlns:xsi="http://www.w3.org/2001/XMLSchema-instance" xsi:noNamespaceSchemaLocation="https://maven.apache.org/surefire/maven-surefire-plugin/xsd/surefire-test-report-3.0.xsd" version="3.0" name="med.voll.api.ApiApplicationTests" time="3.912" tests="1" errors="0" skipped="0" failures="0">
  <properties>
[...]
</properties>
  <testcase name="contextLoads" classname="med.voll.api.ApiApplicationTests" time="0.939">
    <system-out><![CDATA[21:18:29.513 [main] INFO org.springframework.test.context.support.AnnotationConfigContextLoaderUtils -- Could not detect default configuration classes for test class [med.voll.api.ApiApplicationTests]: ApiApplicationTests does not declare any static, non-private, non-final, nested classes annotated with @Configuration.
21:18:29.649 [main] INFO org.springframework.boot.test.context.SpringBootTestContextBootstrapper -- Found @SpringBootConfiguration med.voll.api.ApiApplication for test class med.voll.api.ApiApplicationTests

  .   ____          _            __ _ _
 /\\ / ___'_ __ _ _(_)_ __  __ _ \ \ \ \
( ( )\___ | '_ | '_| | '_ \/ _` | \ \ \ \
 \\/  ___)| |_)| | | | | || (_| |  ) ) ) )
  '  |____| .__|_| |_|_| |_\__, | / / / /
 =========|_|==============|___/=/_/_/_/
 :: Spring Boot ::                (v3.1.1)

2023-07-03T21:18:30.214-03:00  INFO 6228 --- [           main] med.voll.api.ApiApplicationTests         : Starting ApiApplicationTests using Java 19.0.2 with PID 6228 (started by Miguel Palacios in C:\Users\Miguel Palacios\IdeaProjects\api)
2023-07-03T21:18:30.216-03:00  INFO 6228 --- [           main] med.voll.api.ApiApplicationTests         : No active profile set, falling back to 1 default profile: "default"
2023-07-03T21:18:31.160-03:00  INFO 6228 --- [           main] faultConfiguringBeanFactoryPostProcessor : No bean named 'errorChannel' has been explicitly defined. Therefore, a default PublishSubscribeChannel will be created.
2023-07-03T21:18:31.172-03:00  INFO 6228 --- [           main] faultConfiguringBeanFactoryPostProcessor : No bean named 'integrationHeaderChannelRegistry' has been explicitly defined. Therefore, a default DefaultHeaderChannelRegistry will be created.
2023-07-03T21:18:32.242-03:00  INFO 6228 --- [           main] o.s.i.endpoint.EventDrivenConsumer       : Adding {logging-channel-adapter:_org.springframework.integration.errorLogger} as a subscriber to the 'errorChannel' channel
2023-07-03T21:18:32.242-03:00  INFO 6228 --- [           main] o.s.i.channel.PublishSubscribeChannel    : Channel 'application.errorChannel' has 1 subscriber(s).
2023-07-03T21:18:32.243-03:00  INFO 6228 --- [           main] o.s.i.endpoint.EventDrivenConsumer       : started bean '_org.springframework.integration.errorLogger'
2023-07-03T21:18:32.253-03:00  INFO 6228 --- [           main] med.voll.api.ApiApplicationTests         : Started ApiApplicationTests in 2.385 seconds (process running for 3.635)
]]></system-out>
  </testcase>
</testsuite>